<?xml version="1.0" encoding="UTF-8"?>
<testsuite xmlns:xsi="http://www.w3.org/2001/XMLSchema-instance" xsi:noNamespaceSchemaLocation="https://maven.apache.org/surefire/maven-surefire-plugin/xsd/surefire-test-report.xsd" name="output.dao.StateDaoTest" time="2.036" tests="2" errors="0" skipped="0" failures="0">
  <properties>
[...]
</properties>
  <testcase name="testInsertMany" classname="output.dao.StateDaoTest" time="0.944"/>
  <testcase name="testSelect" classname="output.dao.StateDaoTest" time="0.292"/>
</testsuite>